<?xml version="1.0" encoding="UTF-8"?>
<!-- Generated by org.testng.reporters.JUnitReportReporter -->
<testsuite hostname="DESKTOP-A3A9V7N" failures="0" tests="1" name="challenge.part3" time="2.801" errors="0" timestamp="2022-02-03T18:18:56 IST" skipped="0">
  <testcase classname="challenge.part3" name="addProduct" time="2.801"/>
  <system-out/>
</testsuite> <!-- challenge.part3 -->
