<?xml version="1.0" encoding="UTF-8"?>
<!-- Generated by org.testng.reporters.JUnitReportReporter -->
<testsuite hostname="DESKTOP-A3A9V7N" failures="0" tests="1" name="challenge.part3" time="3.040" errors="0" timestamp="2022-02-03T20:15:00 IST" skipped="0">
  <testcase classname="challenge.part3" name="addProduct" time="3.040"/>
  <system-out/>
</testsuite> <!-- challenge.part3 -->
